<?xml version='1.0' encoding='UTF-8'?>
<testsuite hostname="tahsin-K53SV" name="HelloSpec" tests="1" errors="0" failures="0" skipped="0" time="0.016" timestamp="2019-06-27T13:32:50">
                     <properties>
[...]
</properties>
                     <testcase classname="HelloSpec" name="Hello should start with H" time="0.016">
                                                 
                                               </testcase>
                     <system-out><![CDATA[]]></system-out>
                     <system-err><![CDATA[]]></system-err>
                   </testsuite>